#
# There is insufficient memory for the Java Runtime Environment to continue.
# Native memory allocation (mmap) failed to map 3932160 bytes for G1 virtual space
# Possible reasons:
#   The system is out of physical RAM or swap space
#   The process is running with CompressedOops enabled, and the Java Heap may be blocking the growth of the native heap
# Possible solutions:
#   Reduce memory load on the system
#   Increase physical memory or swap space
#   Check if swap backing store is full
#   Decrease Java heap size (-Xmx/-Xms)
#   Decrease number of Java threads
#   Decrease Java thread stack sizes (-Xss)
#   Set larger code cache with -XX:ReservedCodeCacheSize=
#   JVM is running with Zero Based Compressed Oops mode in which the Java heap is
#     placed in the first 32GB address space. The Java Heap base address is the
#     maximum limit for the native heap growth. Please use -XX:HeapBaseMinAddress
#     to set the Java Heap base and to place the Java Heap above 32GB virtual address.
# This output file may be truncated or incomplete.
#
#  Out of Memory Error (os_windows.cpp:3613), pid=15464, tid=11344
#
# JRE version:  (17.0.9+9) (build )
# Java VM: OpenJDK 64-Bit Server VM (17.0.9+9, mixed mode, sharing, tiered, compressed oops, compressed class ptrs, g1 gc, windows-amd64)
# No core dump will be written. Minidumps are not enabled by default on client versions of Windows
#

---------------  S U M M A R Y ------------

Command Line: -Dcom.android.sdklib.toolsdir=C:\Program Files\Unity\Hub\Editor\6000.0.35f1\Editor\Data\PlaybackEngines\AndroidPlayer\SDK\cmdline-tools\6.0\bin\\.. com.android.sdklib.tool.sdkmanager.SdkManagerCli --list

Host: AMD Ryzen 5 1600 Six-Core Processor            , 12 cores, 14G,  Windows 11 , 64 bit Build 26100 (10.0.26100.4202)
Time: Sun Jun 29 16:08:39 2025 Hora Padrão de Buenos Aires elapsed time: 1.043324 seconds (0d 0h 0m 1s)

---------------  T H R E A D  ---------------

Current thread (0x000001e6beb4a6e0):  JavaThread "Unknown thread" [_thread_in_vm, id=11344, stack(0x0000005e11300000,0x0000005e11400000)]

Stack: [0x0000005e11300000,0x0000005e11400000]
Native frames: (J=compiled Java code, j=interpreted, Vv=VM code, C=native code)
V  [jvm.dll+0x67cf49]
V  [jvm.dll+0x83478a]
V  [jvm.dll+0x83624e]
V  [jvm.dll+0x8368b3]
V  [jvm.dll+0x247f1f]
V  [jvm.dll+0x679d69]
V  [jvm.dll+0x66e6ba]
V  [jvm.dll+0x307e5b]
V  [jvm.dll+0x30f306]
V  [jvm.dll+0x35f0f8]
V  [jvm.dll+0x35f2ff]
V  [jvm.dll+0x2dea58]
V  [jvm.dll+0x2df9c4]
V  [jvm.dll+0x806031]
V  [jvm.dll+0x36cf31]
V  [jvm.dll+0x7e4aac]
V  [jvm.dll+0x3f07af]
V  [jvm.dll+0x3f23e1]
C  [jli.dll+0x528f]
C  [ucrtbase.dll+0x37b0]
C  [KERNEL32.DLL+0x2e8d7]
C  [ntdll.dll+0x3c34c]


---------------  P R O C E S S  ---------------

Threads class SMR info:
_java_thread_list=0x00007ffb786dee98, length=0, elements={
}

Java Threads: ( => current thread )

Other Threads:
  0x000001e6bebb4850 GCTaskThread "GC Thread#0" [stack: 0x0000005e11400000,0x0000005e11500000] [id=7676]
  0x000001e6bebc4620 ConcurrentGCThread "G1 Main Marker" [stack: 0x0000005e11500000,0x0000005e11600000] [id=14404]
  0x000001e6bebc59c0 ConcurrentGCThread "G1 Conc#0" [stack: 0x0000005e11600000,0x0000005e11700000] [id=14784]

[error occurred during error reporting (printing all threads), id 0xc0000005, EXCEPTION_ACCESS_VIOLATION (0xc0000005) at pc=0x00007ffb77e9f497]

VM state: not at safepoint (not fully initialized)

VM Mutex/Monitor currently owned by a thread:  ([mutex/lock_event])
[0x000001e6beb46570] Heap_lock - owner thread: 0x000001e6beb4a6e0

Heap address: 0x0000000710e00000, size: 3826 MB, Compressed Oops mode: Zero based, Oop shift amount: 3

CDS archive(s) mapped at: [0x0000000000000000-0x0000000000000000-0x0000000000000000), size 0, SharedBaseAddress: 0x0000000800000000, ArchiveRelocationMode: 1.
Narrow klass base: 0x0000000000000000, Narrow klass shift: 0, Narrow klass range: 0x0

GC Precious Log:
<Empty>

Heap:
 garbage-first heap   total 0K, used 0K [0x0000000710e00000, 0x0000000800000000)
  region size 2048K, 0 young (0K), 0 survivors (0K)

[error occurred during error reporting (printing heap information), id 0xc0000005, EXCEPTION_ACCESS_VIOLATION (0xc0000005) at pc=0x00007ffb78286c79]

GC Heap History (0 events):
No events

Dll operation events (1 events):
Event: 0.007 Loaded shared library C:\Program Files\Unity\Hub\Editor\6000.0.35f1\Editor\Data\PlaybackEngines\AndroidPlayer\OpenJDK\bin\java.dll

Deoptimization events (0 events):
No events

Classes unloaded (0 events):
No events

Classes redefined (0 events):
No events

Internal exceptions (0 events):
No events

VM Operations (0 events):
No events

Events (0 events):
No events


Dynamic libraries:
0x00007ff725f80000 - 0x00007ff725f8e000 	C:\Program Files\Unity\Hub\Editor\6000.0.35f1\Editor\Data\PlaybackEngines\AndroidPlayer\OpenJDK\bin\java.exe
0x00007ffc16220000 - 0x00007ffc16485000 	C:\WINDOWS\SYSTEM32\ntdll.dll
0x00007ffc14710000 - 0x00007ffc147d9000 	C:\WINDOWS\System32\KERNEL32.DLL
0x00007ffc13690000 - 0x00007ffc13a78000 	C:\WINDOWS\System32\KERNELBASE.dll
0x00007ffc134b0000 - 0x00007ffc135fb000 	C:\WINDOWS\System32\ucrtbase.dll
0x00007ffbf9de0000 - 0x00007ffbf9dfb000 	C:\Program Files\Unity\Hub\Editor\6000.0.35f1\Editor\Data\PlaybackEngines\AndroidPlayer\OpenJDK\bin\VCRUNTIME140.dll
0x00007ffc02ed0000 - 0x00007ffc02ee7000 	C:\Program Files\Unity\Hub\Editor\6000.0.35f1\Editor\Data\PlaybackEngines\AndroidPlayer\OpenJDK\bin\jli.dll
0x00007ffc15fa0000 - 0x00007ffc1616a000 	C:\WINDOWS\System32\USER32.dll
0x00007ffbfc5d0000 - 0x00007ffbfc86a000 	C:\WINDOWS\WinSxS\amd64_microsoft.windows.common-controls_6595b64144ccf1df_6.0.26100.4202_none_3e0698d4e335f517\COMCTL32.dll
0x00007ffc13f90000 - 0x00007ffc13fb7000 	C:\WINDOWS\System32\win32u.dll
0x00007ffc14e40000 - 0x00007ffc14ee9000 	C:\WINDOWS\System32\msvcrt.dll
0x00007ffc14df0000 - 0x00007ffc14e1b000 	C:\WINDOWS\System32\GDI32.dll
0x00007ffc13370000 - 0x00007ffc134a7000 	C:\WINDOWS\System32\gdi32full.dll
0x00007ffc13ca0000 - 0x00007ffc13d43000 	C:\WINDOWS\System32\msvcp_win.dll
0x00007ffc15dd0000 - 0x00007ffc15e00000 	C:\WINDOWS\System32\IMM32.DLL
0x00007ffbf9dd0000 - 0x00007ffbf9ddc000 	C:\Program Files\Unity\Hub\Editor\6000.0.35f1\Editor\Data\PlaybackEngines\AndroidPlayer\OpenJDK\bin\vcruntime140_1.dll
0x00007ffbf74c0000 - 0x00007ffbf754d000 	C:\Program Files\Unity\Hub\Editor\6000.0.35f1\Editor\Data\PlaybackEngines\AndroidPlayer\OpenJDK\bin\msvcp140.dll
0x00007ffb77bb0000 - 0x00007ffb78811000 	C:\Program Files\Unity\Hub\Editor\6000.0.35f1\Editor\Data\PlaybackEngines\AndroidPlayer\OpenJDK\bin\server\jvm.dll
0x00007ffc14040000 - 0x00007ffc140f3000 	C:\WINDOWS\System32\ADVAPI32.dll
0x00007ffc14a40000 - 0x00007ffc14ae6000 	C:\WINDOWS\System32\sechost.dll
0x00007ffc14af0000 - 0x00007ffc14c05000 	C:\WINDOWS\System32\RPCRT4.dll
0x00007ffc12bd0000 - 0x00007ffc12c2e000 	C:\WINDOWS\SYSTEM32\POWRPROF.dll
0x00007ffc020a0000 - 0x00007ffc020aa000 	C:\WINDOWS\SYSTEM32\WSOCK32.dll
0x00007ffc0b5c0000 - 0x00007ffc0b5f5000 	C:\WINDOWS\SYSTEM32\WINMM.dll
0x00007ffc0d330000 - 0x00007ffc0d33b000 	C:\WINDOWS\SYSTEM32\VERSION.dll
0x00007ffc14100000 - 0x00007ffc14174000 	C:\WINDOWS\System32\WS2_32.dll
0x00007ffc12bb0000 - 0x00007ffc12bc4000 	C:\WINDOWS\SYSTEM32\UMPDC.dll
0x00007ffc12130000 - 0x00007ffc1214b000 	C:\WINDOWS\SYSTEM32\kernel.appcore.dll
0x00007ffbf74b0000 - 0x00007ffbf74ba000 	C:\Program Files\Unity\Hub\Editor\6000.0.35f1\Editor\Data\PlaybackEngines\AndroidPlayer\OpenJDK\bin\jimage.dll
0x00007ffc0cdc0000 - 0x00007ffc0d001000 	C:\WINDOWS\SYSTEM32\DBGHELP.DLL
0x00007ffc15180000 - 0x00007ffc15505000 	C:\WINDOWS\System32\combase.dll
0x00007ffc147e0000 - 0x00007ffc148c1000 	C:\WINDOWS\System32\OLEAUT32.dll
0x00007ffbfe110000 - 0x00007ffbfe149000 	C:\WINDOWS\SYSTEM32\dbgcore.DLL
0x00007ffc13a80000 - 0x00007ffc13b19000 	C:\WINDOWS\System32\bcryptPrimitives.dll
0x00007ffbf7480000 - 0x00007ffbf74a5000 	C:\Program Files\Unity\Hub\Editor\6000.0.35f1\Editor\Data\PlaybackEngines\AndroidPlayer\OpenJDK\bin\java.dll

dbghelp: loaded successfully - version: 4.0.5 - missing functions: none
symbol engine: initialized successfully - sym options: 0x614 - pdb path: .;C:\Program Files\Unity\Hub\Editor\6000.0.35f1\Editor\Data\PlaybackEngines\AndroidPlayer\OpenJDK\bin;C:\WINDOWS\SYSTEM32;C:\WINDOWS\WinSxS\amd64_microsoft.windows.common-controls_6595b64144ccf1df_6.0.26100.4202_none_3e0698d4e335f517;C:\Program Files\Unity\Hub\Editor\6000.0.35f1\Editor\Data\PlaybackEngines\AndroidPlayer\OpenJDK\bin\server

VM Arguments:
jvm_args: -Dcom.android.sdklib.toolsdir=C:\Program Files\Unity\Hub\Editor\6000.0.35f1\Editor\Data\PlaybackEngines\AndroidPlayer\SDK\cmdline-tools\6.0\bin\\.. 
java_command: com.android.sdklib.tool.sdkmanager.SdkManagerCli --list
java_class_path (initial): C:\Program Files\Unity\Hub\Editor\6000.0.35f1\Editor\Data\PlaybackEngines\AndroidPlayer\SDK\cmdline-tools\6.0\bin\..\lib\sdkmanager-classpath.jar
Launcher Type: SUN_STANDARD

[Global flags]
     intx CICompilerCount                          = 4                                         {product} {ergonomic}
     uint ConcGCThreads                            = 3                                         {product} {ergonomic}
     uint G1ConcRefinementThreads                  = 10                                        {product} {ergonomic}
   size_t G1HeapRegionSize                         = 2097152                                   {product} {ergonomic}
    uintx GCDrainStackTargetSize                   = 64                                        {product} {ergonomic}
   size_t InitialHeapSize                          = 251658240                                 {product} {ergonomic}
   size_t MarkStackSize                            = 4194304                                   {product} {ergonomic}
   size_t MaxHeapSize                              = 4011851776                                {product} {ergonomic}
   size_t MinHeapDeltaBytes                        = 2097152                                   {product} {ergonomic}
   size_t MinHeapSize                              = 8388608                                   {product} {ergonomic}
    uintx NonNMethodCodeHeapSize                   = 5839372                                {pd product} {ergonomic}
    uintx NonProfiledCodeHeapSize                  = 122909434                              {pd product} {ergonomic}
    uintx ProfiledCodeHeapSize                     = 122909434                              {pd product} {ergonomic}
    uintx ReservedCodeCacheSize                    = 251658240                              {pd product} {ergonomic}
     bool SegmentedCodeCache                       = true                                      {product} {ergonomic}
   size_t SoftMaxHeapSize                          = 4011851776                             {manageable} {ergonomic}
     bool UseCompressedClassPointers               = true                           {product lp64_product} {ergonomic}
     bool UseCompressedOops                        = true                           {product lp64_product} {ergonomic}
     bool UseG1GC                                  = true                                      {product} {ergonomic}
     bool UseLargePagesIndividualAllocation        = false                                  {pd product} {ergonomic}

Logging:
Log output configuration:
 #0: stdout all=warning uptime,level,tags
 #1: stderr all=off uptime,level,tags

Environment Variables:
JAVA_HOME=C:\Program Files\Unity\Hub\Editor\6000.0.35f1\Editor\Data\PlaybackEngines\AndroidPlayer\OpenJDK
CLASSPATH=C:\Program Files\Unity\Hub\Editor\6000.0.35f1\Editor\Data\PlaybackEngines\AndroidPlayer\SDK\cmdline-tools\6.0\bin\..\lib\sdkmanager-classpath.jar
PATH=C:\Program Files\Common Files\Oracle\Java\javapath;C:\WINDOWS\system32;C:\WINDOWS;C:\WINDOWS\System32\Wbem;C:\WINDOWS\System32\WindowsPowerShell\v1.0\;C:\WINDOWS\System32\OpenSSH\;C:\Program Files\dotnet\;C:\Program Files\nodejs\;C:\Program Files\Git\cmd;C:\Users\g_agu\AppData\Local\Microsoft\WindowsApps;C:\Users\g_agu\.dotnet\tools;C:\Users\g_agu\AppData\Local\Programs\Microsoft VS Code\bin;C:\Users\g_agu\AppData\Local\Microsoft\WinGet\Links;C:\Users\g_agu\AppData\Roaming\npm
USERNAME=g_agu
OS=Windows_NT
PROCESSOR_IDENTIFIER=AMD64 Family 23 Model 8 Stepping 2, AuthenticAMD
TMP=C:\Users\g_agu\AppData\Local\Temp
TEMP=C:\Users\g_agu\AppData\Local\Temp



Periodic native trim disabled


---------------  S Y S T E M  ---------------

OS:
 Windows 11 , 64 bit Build 26100 (10.0.26100.4202)
OS uptime: 2 days 5:24 hours

CPU: total 12 (initial active 12) (12 cores per cpu, 2 threads per core) family 23 model 8 stepping 2 microcode 0x800820d, cx8, cmov, fxsr, ht, mmx, 3dnowpref, sse, sse2, sse3, ssse3, sse4a, sse4.1, sse4.2, popcnt, lzcnt, tsc, tscinvbit, avx, avx2, aes, clmul, bmi1, bmi2, adx, sha, fma, vzeroupper, clflush, clflushopt
Processor Information for all 12 processors :
  Max Mhz: 3200, Current Mhz: 3200, Mhz Limit: 3200

Memory: 4k page, system-wide physical 15297M (2241M free)
TotalPageFile size 23489M (AvailPageFile size 21M)
current process WorkingSet (physical memory assigned to process): 12M, peak: 12M
current process commit charge ("private bytes"): 309M, peak: 312M

vm_info: OpenJDK 64-Bit Server VM (17.0.9+9) for windows-amd64 JRE (17.0.9+9), built on Oct 26 2023 14:01:42 by "admin" with MS VC++ 16.10 / 16.11 (VS2019)

END.
