#
# There is insufficient memory for the Java Runtime Environment to continue.
# Native memory allocation (mmap) failed to map 251658240 bytes for G1 virtual space
# Possible reasons:
#   The system is out of physical RAM or swap space
#   The process is running with CompressedOops enabled, and the Java Heap may be blocking the growth of the native heap
# Possible solutions:
#   Reduce memory load on the system
#   Increase physical memory or swap space
#   Check if swap backing store is full
#   Decrease Java heap size (-Xmx/-Xms)
#   Decrease number of Java threads
#   Decrease Java thread stack sizes (-Xss)
#   Set larger code cache with -XX:ReservedCodeCacheSize=
#   JVM is running with Zero Based Compressed Oops mode in which the Java heap is
#     placed in the first 32GB address space. The Java Heap base address is the
#     maximum limit for the native heap growth. Please use -XX:HeapBaseMinAddress
#     to set the Java Heap base and to place the Java Heap above 32GB virtual address.
# This output file may be truncated or incomplete.
#
#  Out of Memory Error (os_windows.cpp:3603), pid=20524, tid=14016
#
# JRE version:  (21.0.7+8) (build )
# Java VM: Java HotSpot(TM) 64-Bit Server VM (21.0.7+8-LTS-245, mixed mode, sharing, tiered, compressed oops, compressed class ptrs, g1 gc, windows-amd64)
# No core dump will be written. Minidumps are not enabled by default on client versions of Windows
#

---------------  S U M M A R Y ------------

Command Line: 

Host: AMD Ryzen 5 1600 Six-Core Processor            , 12 cores, 14G,  Windows 11 , 64 bit Build 26100 (10.0.26100.4202)
Time: Fri Jul 11 11:33:07 2025 Hora Padrão de Buenos Aires elapsed time: 2.111920 seconds (0d 0h 0m 2s)

---------------  T H R E A D  ---------------

Current thread (0x00000183c6dcd780):  JavaThread "Unknown thread" [_thread_in_vm, id=14016, stack(0x00000042ecc00000,0x00000042ecd00000) (1024K)]

Stack: [0x00000042ecc00000,0x00000042ecd00000]
Native frames: (J=compiled Java code, j=interpreted, Vv=VM code, C=native code)
V  [jvm.dll+0x6cae19]
V  [jvm.dll+0x855741]
V  [jvm.dll+0x857c6e]
V  [jvm.dll+0x858343]
V  [jvm.dll+0x27e0b6]
V  [jvm.dll+0x6c7595]
V  [jvm.dll+0x6bc0fa]
V  [jvm.dll+0x353eaa]
V  [jvm.dll+0x35bb26]
V  [jvm.dll+0x3ae52e]
V  [jvm.dll+0x3ae7d8]
V  [jvm.dll+0x3281bc]
V  [jvm.dll+0x328d1b]
V  [jvm.dll+0x81eaf9]
V  [jvm.dll+0x3bb211]
V  [jvm.dll+0x807d78]
V  [jvm.dll+0x4503ee]
V  [jvm.dll+0x451fe1]
C  [jli.dll+0x52a3]
C  [ucrtbase.dll+0x37b0]
C  [KERNEL32.DLL+0x2e8d7]
C  [ntdll.dll+0x3c34c]


---------------  P R O C E S S  ---------------

Threads class SMR info:
_java_thread_list=0x00007ffd321ccc48, length=0, elements={
}

Java Threads: ( => current thread )
Total: 0

Other Threads:
  0x00000183c90353b0 WorkerThread "GC Thread#0"                     [id=17936, stack(0x00000042ecd00000,0x00000042ece00000) (1024K)]
  0x00000183c90468c0 ConcurrentGCThread "G1 Main Marker"            [id=16696, stack(0x00000042ece00000,0x00000042ecf00000) (1024K)]
  0x00000183c90473c0 WorkerThread "G1 Conc#0"                       [id=18040, stack(0x00000042ecf00000,0x00000042ed000000) (1024K)]

[error occurred during error reporting (printing all threads), id 0xc0000005, EXCEPTION_ACCESS_VIOLATION (0xc0000005) at pc=0x00007ffd3193a947]
VM state: not at safepoint (not fully initialized)

VM Mutex/Monitor currently owned by a thread:  ([mutex/lock_event])
[0x00007ffd3223df50] Heap_lock - owner thread: 0x00000183c6dcd780

Heap address: 0x0000000710e00000, size: 3826 MB, Compressed Oops mode: Zero based, Oop shift amount: 3

CDS archive(s) mapped at: [0x0000000000000000-0x0000000000000000-0x0000000000000000), size 0, SharedBaseAddress: 0x0000000800000000, ArchiveRelocationMode: 1.
Narrow klass base: 0x0000000000000000, Narrow klass shift: 0, Narrow klass range: 0x0

GC Precious Log:
 CardTable entry size: 512
 Card Set container configuration: InlinePtr #cards 4 size 8 Array Of Cards #cards 16 size 48 Howl #buckets 8 coarsen threshold 3686 Howl Bitmap #cards 512 size 80 coarsen threshold 460 Card regions per heap region 1 cards per card region 4096

Heap:
 garbage-first heap   total 0K, used 0K [0x0000000710e00000, 0x0000000800000000)
  region size 2048K, 0 young (0K), 0 survivors (0K)

[error occurred during error reporting (printing heap information), id 0xc0000005, EXCEPTION_ACCESS_VIOLATION (0xc0000005) at pc=0x00007ffd31d23e79]
GC Heap History (0 events):
No events

Dll operation events (1 events):
Event: 0.046 Loaded shared library C:\Program Files\Java\jdk-21\bin\java.dll

Deoptimization events (0 events):
No events

Classes loaded (0 events):
No events

Classes unloaded (0 events):
No events

Classes redefined (0 events):
No events

Internal exceptions (0 events):
No events

ZGC Phase Switch (0 events):
No events

VM Operations (0 events):
No events

Events (0 events):
No events


Dynamic libraries:
0x00007ff6a7b90000 - 0x00007ff6a7ba0000 	C:\Program Files\Java\jdk-21\bin\java.exe
0x00007ffdf46a0000 - 0x00007ffdf4905000 	C:\WINDOWS\SYSTEM32\ntdll.dll
0x00007ffdf2f60000 - 0x00007ffdf3029000 	C:\WINDOWS\System32\KERNEL32.DLL
0x00007ffdf1ad0000 - 0x00007ffdf1eb8000 	C:\WINDOWS\System32\KERNELBASE.dll
0x00007ffdf2000000 - 0x00007ffdf214b000 	C:\WINDOWS\System32\ucrtbase.dll
0x00007ffddb910000 - 0x00007ffddb92b000 	C:\Program Files\Java\jdk-21\bin\VCRUNTIME140.dll
0x00007ffddb3d0000 - 0x00007ffddb3e9000 	C:\Program Files\Java\jdk-21\bin\jli.dll
0x00007ffdf3410000 - 0x00007ffdf34c3000 	C:\WINDOWS\System32\ADVAPI32.dll
0x00007ffdf2eb0000 - 0x00007ffdf2f59000 	C:\WINDOWS\System32\msvcrt.dll
0x00007ffdf4330000 - 0x00007ffdf43d6000 	C:\WINDOWS\System32\sechost.dll
0x00007ffdf3d80000 - 0x00007ffdf3e95000 	C:\WINDOWS\System32\RPCRT4.dll
0x00007ffdf2aa0000 - 0x00007ffdf2c6a000 	C:\WINDOWS\System32\USER32.dll
0x00007ffdd2da0000 - 0x00007ffdd303a000 	C:\WINDOWS\WinSxS\amd64_microsoft.windows.common-controls_6595b64144ccf1df_6.0.26100.4202_none_3e0698d4e335f517\COMCTL32.dll
0x00007ffdf1aa0000 - 0x00007ffdf1ac7000 	C:\WINDOWS\System32\win32u.dll
0x00007ffdf2440000 - 0x00007ffdf246b000 	C:\WINDOWS\System32\GDI32.dll
0x00007ffdf1ec0000 - 0x00007ffdf1ff7000 	C:\WINDOWS\System32\gdi32full.dll
0x00007ffdf2390000 - 0x00007ffdf2433000 	C:\WINDOWS\System32\msvcp_win.dll
0x00007ffdea7c0000 - 0x00007ffdea7cb000 	C:\WINDOWS\SYSTEM32\VERSION.dll
0x00007ffdf2560000 - 0x00007ffdf2590000 	C:\WINDOWS\System32\IMM32.DLL
0x00007ffdec150000 - 0x00007ffdec15c000 	C:\Program Files\Java\jdk-21\bin\vcruntime140_1.dll
0x00007ffd61fb0000 - 0x00007ffd6203e000 	C:\Program Files\Java\jdk-21\bin\msvcp140.dll
0x00007ffd31600000 - 0x00007ffd3231a000 	C:\Program Files\Java\jdk-21\bin\server\jvm.dll
0x00007ffdf34d0000 - 0x00007ffdf3544000 	C:\WINDOWS\System32\WS2_32.dll
0x00007ffdf1000000 - 0x00007ffdf105e000 	C:\WINDOWS\SYSTEM32\POWRPROF.dll
0x00007ffde9a50000 - 0x00007ffde9a85000 	C:\WINDOWS\SYSTEM32\WINMM.dll
0x00007ffdf0fb0000 - 0x00007ffdf0fc4000 	C:\WINDOWS\SYSTEM32\UMPDC.dll
0x00007ffdf05b0000 - 0x00007ffdf05cb000 	C:\WINDOWS\SYSTEM32\kernel.appcore.dll
0x00007ffde3320000 - 0x00007ffde332a000 	C:\Program Files\Java\jdk-21\bin\jimage.dll
0x00007ffdeb170000 - 0x00007ffdeb3b1000 	C:\WINDOWS\SYSTEM32\DBGHELP.DLL
0x00007ffdf3080000 - 0x00007ffdf3405000 	C:\WINDOWS\System32\combase.dll
0x00007ffdf2470000 - 0x00007ffdf2551000 	C:\WINDOWS\System32\OLEAUT32.dll
0x00007ffddb0d0000 - 0x00007ffddb109000 	C:\WINDOWS\SYSTEM32\dbgcore.DLL
0x00007ffdf1a00000 - 0x00007ffdf1a99000 	C:\WINDOWS\System32\bcryptPrimitives.dll
0x00007ffddb2c0000 - 0x00007ffddb2df000 	C:\Program Files\Java\jdk-21\bin\java.dll

dbghelp: loaded successfully - version: 4.0.5 - missing functions: none
symbol engine: initialized successfully - sym options: 0x614 - pdb path: .;C:\Program Files\Java\jdk-21\bin;C:\WINDOWS\SYSTEM32;C:\WINDOWS\WinSxS\amd64_microsoft.windows.common-controls_6595b64144ccf1df_6.0.26100.4202_none_3e0698d4e335f517;C:\Program Files\Java\jdk-21\bin\server

VM Arguments:
java_command: <unknown>
java_class_path (initial): <not set>
Launcher Type: SUN_STANDARD

[Global flags]
     intx CICompilerCount                          = 4                                         {product} {ergonomic}
     uint ConcGCThreads                            = 3                                         {product} {ergonomic}
     uint G1ConcRefinementThreads                  = 10                                        {product} {ergonomic}
   size_t G1HeapRegionSize                         = 2097152                                   {product} {ergonomic}
    uintx GCDrainStackTargetSize                   = 64                                        {product} {ergonomic}
   size_t InitialHeapSize                          = 251658240                                 {product} {ergonomic}
   size_t MarkStackSize                            = 4194304                                   {product} {ergonomic}
   size_t MaxHeapSize                              = 4011851776                                {product} {ergonomic}
   size_t MinHeapDeltaBytes                        = 2097152                                   {product} {ergonomic}
   size_t MinHeapSize                              = 8388608                                   {product} {ergonomic}
    uintx NonNMethodCodeHeapSize                   = 5839372                                {pd product} {ergonomic}
    uintx NonProfiledCodeHeapSize                  = 122909434                              {pd product} {ergonomic}
    uintx ProfiledCodeHeapSize                     = 122909434                              {pd product} {ergonomic}
    uintx ReservedCodeCacheSize                    = 251658240                              {pd product} {ergonomic}
     bool SegmentedCodeCache                       = true                                      {product} {ergonomic}
   size_t SoftMaxHeapSize                          = 4011851776                             {manageable} {ergonomic}
     bool UseCompressedOops                        = true                           {product lp64_product} {ergonomic}
     bool UseG1GC                                  = true                                      {product} {ergonomic}
     bool UseLargePagesIndividualAllocation        = false                                  {pd product} {ergonomic}

Logging:
Log output configuration:
 #0: stdout all=warning uptime,level,tags foldmultilines=false
 #1: stderr all=off uptime,level,tags foldmultilines=false

Environment Variables:
PATH=C:\Program Files\Common Files\Oracle\Java\javapath;C:\WINDOWS\system32;C:\WINDOWS;C:\WINDOWS\System32\Wbem;C:\WINDOWS\System32\WindowsPowerShell\v1.0\;C:\WINDOWS\System32\OpenSSH\;C:\Program Files\dotnet\;C:\Program Files\nodejs\;C:\Program Files\Git\cmd;C:\Users\g_agu\AppData\Local\Microsoft\WindowsApps;C:\Users\g_agu\.dotnet\tools;C:\Users\g_agu\AppData\Local\Programs\Microsoft VS Code\bin;C:\Users\g_agu\AppData\Local\Microsoft\WinGet\Links;C:\Users\g_agu\AppData\Roaming\npm
USERNAME=g_agu
OS=Windows_NT
PROCESSOR_IDENTIFIER=AMD64 Family 23 Model 8 Stepping 2, AuthenticAMD
TMP=C:\Users\g_agu\AppData\Local\Temp
TEMP=C:\Users\g_agu\AppData\Local\Temp




Periodic native trim disabled

---------------  S Y S T E M  ---------------

OS:
 Windows 11 , 64 bit Build 26100 (10.0.26100.4202)
OS uptime: 0 days 13:16 hours

CPU: total 12 (initial active 12) (12 cores per cpu, 2 threads per core) family 23 model 8 stepping 2 microcode 0x800820d, cx8, cmov, fxsr, ht, mmx, 3dnowpref, sse, sse2, sse3, ssse3, sse4a, sse4.1, sse4.2, popcnt, lzcnt, tsc, tscinvbit, avx, avx2, aes, clmul, bmi1, bmi2, adx, sha, fma, vzeroupper, clflush, clflushopt, rdtscp, f16c
Processor Information for all 12 processors :
  Max Mhz: 3200, Current Mhz: 3200, Mhz Limit: 3200

Memory: 4k page, system-wide physical 15297M (943M free)
TotalPageFile size 23489M (AvailPageFile size 113M)
current process WorkingSet (physical memory assigned to process): 12M, peak: 12M
current process commit charge ("private bytes"): 64M, peak: 304M

vm_info: Java HotSpot(TM) 64-Bit Server VM (21.0.7+8-LTS-245) for windows-amd64 JRE (21.0.7+8-LTS-245), built on 2025-02-21T05:11:27Z by "mach5one" with MS VC++ 17.6 (VS2022)

END.
