#
# There is insufficient memory for the Java Runtime Environment to continue.
# Native memory allocation (malloc) failed to allocate 1143616 bytes for Chunk::new
# Possible reasons:
#   The system is out of physical RAM or swap space
#   The process is running with CompressedOops enabled, and the Java Heap may be blocking the growth of the native heap
# Possible solutions:
#   Reduce memory load on the system
#   Increase physical memory or swap space
#   Check if swap backing store is full
#   Decrease Java heap size (-Xmx/-Xms)
#   Decrease number of Java threads
#   Decrease Java thread stack sizes (-Xss)
#   Set larger code cache with -XX:ReservedCodeCacheSize=
#   JVM is running with Zero Based Compressed Oops mode in which the Java heap is
#     placed in the first 32GB address space. The Java Heap base address is the
#     maximum limit for the native heap growth. Please use -XX:HeapBaseMinAddress
#     to set the Java Heap base and to place the Java Heap above 32GB virtual address.
# This output file may be truncated or incomplete.
#
#  Out of Memory Error (arena.cpp:191), pid=1540, tid=3540
#
# JRE version: OpenJDK Runtime Environment Temurin-17.0.9+9 (17.0.9+9) (build 17.0.9+9)
# Java VM: OpenJDK 64-Bit Server VM Temurin-17.0.9+9 (17.0.9+9, mixed mode, sharing, tiered, compressed oops, compressed class ptrs, g1 gc, windows-amd64)
# No core dump will be written. Minidumps are not enabled by default on client versions of Windows
#

---------------  S U M M A R Y ------------

Command Line: -Dcom.android.sdklib.toolsdir=C:\Program Files\Unity\Hub\Editor\6000.0.35f1\Editor\Data\PlaybackEngines\AndroidPlayer\SDK\cmdline-tools\6.0\bin\\.. com.android.sdklib.tool.sdkmanager.SdkManagerCli --list

Host: AMD Ryzen 5 1600 Six-Core Processor            , 12 cores, 14G,  Windows 11 , 64 bit Build 26100 (10.0.26100.4202)
Time: Sun Jun 29 16:17:30 2025 Hora Padrão de Buenos Aires elapsed time: 8.323127 seconds (0d 0h 0m 8s)

---------------  T H R E A D  ---------------

Current thread (0x000001fedb25d2e0):  JavaThread "C2 CompilerThread2" daemon [_thread_in_native, id=3540, stack(0x0000005675200000,0x0000005675300000)]


Current CompileTask:
C2:   8323 1961   !   4       com.sun.org.apache.xerces.internal.impl.XMLDocumentFragmentScannerImpl$FragmentContentDriver::next (2331 bytes)

Stack: [0x0000005675200000,0x0000005675300000]
Native frames: (J=compiled Java code, j=interpreted, Vv=VM code, C=native code)
V  [jvm.dll+0x67cf49]
V  [jvm.dll+0x83478a]
V  [jvm.dll+0x83624e]
V  [jvm.dll+0x8368b3]
V  [jvm.dll+0x247f1f]
V  [jvm.dll+0xac43c]
V  [jvm.dll+0xaca8c]
V  [jvm.dll+0x2af45f]
V  [jvm.dll+0x5853f7]
V  [jvm.dll+0x222f62]
V  [jvm.dll+0x22334f]
V  [jvm.dll+0x21c476]
V  [jvm.dll+0x2198c1]
V  [jvm.dll+0x1a57cd]
V  [jvm.dll+0x2297ae]
V  [jvm.dll+0x22797c]
V  [jvm.dll+0x7e9877]
V  [jvm.dll+0x7e3c3a]
V  [jvm.dll+0x67be35]
C  [ucrtbase.dll+0x37b0]
C  [KERNEL32.DLL+0x2e8d7]
C  [ntdll.dll+0x3c34c]


---------------  P R O C E S S  ---------------

Threads class SMR info:
_java_thread_list=0x000001fedba13990, length=14, elements={
0x000001fef08fb200, 0x000001fe954743d0, 0x000001fe95474d90, 0x000001fe9548f500,
0x000001fe9548fdd0, 0x000001fe95490e40, 0x000001fe95492720, 0x000001fe95495190,
0x000001fe954a9800, 0x000001fe954cb470, 0x000001fe956096d0, 0x000001fe95611030,
0x000001fedb25cdc0, 0x000001fedb25d2e0
}

Java Threads: ( => current thread )
  0x000001fef08fb200 JavaThread "main" [_thread_in_Java, id=20996, stack(0x0000005673e00000,0x0000005673f00000)]
  0x000001fe954743d0 JavaThread "Reference Handler" daemon [_thread_blocked, id=14612, stack(0x0000005674500000,0x0000005674600000)]
  0x000001fe95474d90 JavaThread "Finalizer" daemon [_thread_blocked, id=12228, stack(0x0000005674600000,0x0000005674700000)]
  0x000001fe9548f500 JavaThread "Signal Dispatcher" daemon [_thread_blocked, id=16556, stack(0x0000005674700000,0x0000005674800000)]
  0x000001fe9548fdd0 JavaThread "Attach Listener" daemon [_thread_blocked, id=396, stack(0x0000005674800000,0x0000005674900000)]
  0x000001fe95490e40 JavaThread "Service Thread" daemon [_thread_blocked, id=7988, stack(0x0000005674900000,0x0000005674a00000)]
  0x000001fe95492720 JavaThread "Monitor Deflation Thread" daemon [_thread_blocked, id=1284, stack(0x0000005674a00000,0x0000005674b00000)]
  0x000001fe95495190 JavaThread "C2 CompilerThread0" daemon [_thread_in_native, id=2248, stack(0x0000005674b00000,0x0000005674c00000)]
  0x000001fe954a9800 JavaThread "C1 CompilerThread0" daemon [_thread_in_native, id=992, stack(0x0000005674c00000,0x0000005674d00000)]
  0x000001fe954cb470 JavaThread "Sweeper thread" daemon [_thread_blocked, id=15868, stack(0x0000005674d00000,0x0000005674e00000)]
  0x000001fe956096d0 JavaThread "Notification Thread" daemon [_thread_blocked, id=11716, stack(0x0000005674e00000,0x0000005674f00000)]
  0x000001fe95611030 JavaThread "Common-Cleaner" daemon [_thread_blocked, id=14760, stack(0x0000005675000000,0x0000005675100000)]
  0x000001fedb25cdc0 JavaThread "C2 CompilerThread1" daemon [_thread_in_native, id=9276, stack(0x0000005675100000,0x0000005675200000)]
=>0x000001fedb25d2e0 JavaThread "C2 CompilerThread2" daemon [_thread_in_native, id=3540, stack(0x0000005675200000,0x0000005675300000)]

Other Threads:
  0x000001fe9546f190 VMThread "VM Thread" [stack: 0x0000005674400000,0x0000005674500000] [id=3424]
  0x000001fe9560bbc0 WatcherThread [stack: 0x0000005674f00000,0x0000005675000000] [id=18524]
  0x000001fef0965620 GCTaskThread "GC Thread#0" [stack: 0x0000005673f00000,0x0000005674000000] [id=18260]
  0x000001fedb56cb50 GCTaskThread "GC Thread#1" [stack: 0x0000005675300000,0x0000005675400000] [id=15920]
  0x000001fedb56d220 GCTaskThread "GC Thread#2" [stack: 0x0000005675400000,0x0000005675500000] [id=19092]
  0x000001fedb585440 GCTaskThread "GC Thread#3" [stack: 0x0000005675500000,0x0000005675600000] [id=10464]
  0x000001fedb585700 GCTaskThread "GC Thread#4" [stack: 0x0000005675600000,0x0000005675700000] [id=12732]
  0x000001fedb67c360 GCTaskThread "GC Thread#5" [stack: 0x0000005675700000,0x0000005675800000] [id=13232]
  0x000001fedb67c620 GCTaskThread "GC Thread#6" [stack: 0x0000005675800000,0x0000005675900000] [id=10704]
  0x000001fedb67cef0 GCTaskThread "GC Thread#7" [stack: 0x0000005675900000,0x0000005675a00000] [id=13740]
  0x000001fedb67d3c0 GCTaskThread "GC Thread#8" [stack: 0x0000005675a00000,0x0000005675b00000] [id=16712]
  0x000001fedbf062e0 GCTaskThread "GC Thread#9" [stack: 0x0000005675b00000,0x0000005675c00000] [id=15712]
  0x000001fef0992490 ConcurrentGCThread "G1 Main Marker" [stack: 0x0000005674000000,0x0000005674100000] [id=17168]
  0x000001fef0993550 ConcurrentGCThread "G1 Conc#0" [stack: 0x0000005674100000,0x0000005674200000] [id=11108]
  0x000001fef09ae4f0 ConcurrentGCThread "G1 Refine#0" [stack: 0x0000005674200000,0x0000005674300000] [id=21132]
  0x000001feffe6c0f0 ConcurrentGCThread "G1 Service" [stack: 0x0000005674300000,0x0000005674400000] [id=20128]

Threads with active compile tasks:
C2 CompilerThread0     9358 2105       4       com.sun.xml.bind.WhiteSpaceProcessor::isWhiteSpace (36 bytes)
C2 CompilerThread1     9358 2012       4       com.sun.org.apache.xerces.internal.impl.XMLEntityScanner::scanQName (580 bytes)
C2 CompilerThread2     9359 1961   !   4       com.sun.org.apache.xerces.internal.impl.XMLDocumentFragmentScannerImpl$FragmentContentDriver::next (2331 bytes)

VM state: not at safepoint (normal execution)

VM Mutex/Monitor currently owned by a thread: None

Heap address: 0x0000000710e00000, size: 3826 MB, Compressed Oops mode: Zero based, Oop shift amount: 3

CDS archive(s) mapped at: [0x000001fe96000000-0x000001fe96ba0000-0x000001fe96ba0000), size 12189696, SharedBaseAddress: 0x000001fe96000000, ArchiveRelocationMode: 1.
Compressed class space mapped at: 0x000001fe97000000-0x000001fed7000000, reserved size: 1073741824
Narrow klass base: 0x000001fe96000000, Narrow klass shift: 0, Narrow klass range: 0x100000000

GC Precious Log:
 CPUs: 12 total, 12 available
 Memory: 15297M
 Large Page Support: Disabled
 NUMA Support: Disabled
 Compressed Oops: Enabled (Zero based)
 Heap Region Size: 2M
 Heap Min Capacity: 8M
 Heap Initial Capacity: 240M
 Heap Max Capacity: 3826M
 Pre-touch: Disabled
 Parallel Workers: 10
 Concurrent Workers: 3
 Concurrent Refinement Workers: 10
 Periodic GC: Disabled

Heap:
 garbage-first heap   total 245760K, used 38385K [0x0000000710e00000, 0x0000000800000000)
  region size 2048K, 17 young (34816K), 2 survivors (4096K)
 Metaspace       used 10880K, committed 11136K, reserved 1114112K
  class space    used 1141K, committed 1280K, reserved 1048576K

Heap Regions: E=young(eden), S=young(survivor), O=old, HS=humongous(starts), HC=humongous(continues), CS=collection set, F=free, OA=open archive, CA=closed archive, TAMS=top-at-mark-start (previous, next)
|   0|0x0000000710e00000, 0x0000000711000000, 0x0000000711000000|100%| O|  |TAMS 0x0000000710e00000, 0x0000000710e00000| Untracked 
|   1|0x0000000711000000, 0x0000000711200000, 0x0000000711200000|100%| O|  |TAMS 0x0000000711000000, 0x0000000711000000| Untracked 
|   2|0x0000000711200000, 0x000000071137c400, 0x0000000711400000| 74%| O|  |TAMS 0x0000000711200000, 0x0000000711200000| Untracked 
|   3|0x0000000711400000, 0x0000000711400000, 0x0000000711600000|  0%| F|  |TAMS 0x0000000711400000, 0x0000000711400000| Untracked 
|   4|0x0000000711600000, 0x0000000711600000, 0x0000000711800000|  0%| F|  |TAMS 0x0000000711600000, 0x0000000711600000| Untracked 
|   5|0x0000000711800000, 0x0000000711800000, 0x0000000711a00000|  0%| F|  |TAMS 0x0000000711800000, 0x0000000711800000| Untracked 
|   6|0x0000000711a00000, 0x0000000711a00000, 0x0000000711c00000|  0%| F|  |TAMS 0x0000000711a00000, 0x0000000711a00000| Untracked 
|   7|0x0000000711c00000, 0x0000000711c00000, 0x0000000711e00000|  0%| F|  |TAMS 0x0000000711c00000, 0x0000000711c00000| Untracked 
|   8|0x0000000711e00000, 0x0000000711e00000, 0x0000000712000000|  0%| F|  |TAMS 0x0000000711e00000, 0x0000000711e00000| Untracked 
|   9|0x0000000712000000, 0x0000000712000000, 0x0000000712200000|  0%| F|  |TAMS 0x0000000712000000, 0x0000000712000000| Untracked 
|  10|0x0000000712200000, 0x0000000712200000, 0x0000000712400000|  0%| F|  |TAMS 0x0000000712200000, 0x0000000712200000| Untracked 
|  11|0x0000000712400000, 0x0000000712400000, 0x0000000712600000|  0%| F|  |TAMS 0x0000000712400000, 0x0000000712400000| Untracked 
|  12|0x0000000712600000, 0x0000000712600000, 0x0000000712800000|  0%| F|  |TAMS 0x0000000712600000, 0x0000000712600000| Untracked 
|  13|0x0000000712800000, 0x0000000712800000, 0x0000000712a00000|  0%| F|  |TAMS 0x0000000712800000, 0x0000000712800000| Untracked 
|  14|0x0000000712a00000, 0x0000000712a00000, 0x0000000712c00000|  0%| F|  |TAMS 0x0000000712a00000, 0x0000000712a00000| Untracked 
|  15|0x0000000712c00000, 0x0000000712c00000, 0x0000000712e00000|  0%| F|  |TAMS 0x0000000712c00000, 0x0000000712c00000| Untracked 
|  16|0x0000000712e00000, 0x0000000712e00000, 0x0000000713000000|  0%| F|  |TAMS 0x0000000712e00000, 0x0000000712e00000| Untracked 
|  17|0x0000000713000000, 0x0000000713000000, 0x0000000713200000|  0%| F|  |TAMS 0x0000000713000000, 0x0000000713000000| Untracked 
|  18|0x0000000713200000, 0x0000000713200000, 0x0000000713400000|  0%| F|  |TAMS 0x0000000713200000, 0x0000000713200000| Untracked 
|  19|0x0000000713400000, 0x0000000713400000, 0x0000000713600000|  0%| F|  |TAMS 0x0000000713400000, 0x0000000713400000| Untracked 
|  20|0x0000000713600000, 0x0000000713600000, 0x0000000713800000|  0%| F|  |TAMS 0x0000000713600000, 0x0000000713600000| Untracked 
|  21|0x0000000713800000, 0x0000000713800000, 0x0000000713a00000|  0%| F|  |TAMS 0x0000000713800000, 0x0000000713800000| Untracked 
|  22|0x0000000713a00000, 0x0000000713a00000, 0x0000000713c00000|  0%| F|  |TAMS 0x0000000713a00000, 0x0000000713a00000| Untracked 
|  23|0x0000000713c00000, 0x0000000713c00000, 0x0000000713e00000|  0%| F|  |TAMS 0x0000000713c00000, 0x0000000713c00000| Untracked 
|  24|0x0000000713e00000, 0x0000000713e00000, 0x0000000714000000|  0%| F|  |TAMS 0x0000000713e00000, 0x0000000713e00000| Untracked 
|  25|0x0000000714000000, 0x0000000714000000, 0x0000000714200000|  0%| F|  |TAMS 0x0000000714000000, 0x0000000714000000| Untracked 
|  26|0x0000000714200000, 0x0000000714200000, 0x0000000714400000|  0%| F|  |TAMS 0x0000000714200000, 0x0000000714200000| Untracked 
|  27|0x0000000714400000, 0x0000000714400000, 0x0000000714600000|  0%| F|  |TAMS 0x0000000714400000, 0x0000000714400000| Untracked 
|  28|0x0000000714600000, 0x0000000714600000, 0x0000000714800000|  0%| F|  |TAMS 0x0000000714600000, 0x0000000714600000| Untracked 
|  29|0x0000000714800000, 0x0000000714800000, 0x0000000714a00000|  0%| F|  |TAMS 0x0000000714800000, 0x0000000714800000| Untracked 
|  30|0x0000000714a00000, 0x0000000714a00000, 0x0000000714c00000|  0%| F|  |TAMS 0x0000000714a00000, 0x0000000714a00000| Untracked 
|  31|0x0000000714c00000, 0x0000000714c00000, 0x0000000714e00000|  0%| F|  |TAMS 0x0000000714c00000, 0x0000000714c00000| Untracked 
|  32|0x0000000714e00000, 0x0000000714e00000, 0x0000000715000000|  0%| F|  |TAMS 0x0000000714e00000, 0x0000000714e00000| Untracked 
|  33|0x0000000715000000, 0x0000000715000000, 0x0000000715200000|  0%| F|  |TAMS 0x0000000715000000, 0x0000000715000000| Untracked 
|  34|0x0000000715200000, 0x0000000715200000, 0x0000000715400000|  0%| F|  |TAMS 0x0000000715200000, 0x0000000715200000| Untracked 
|  35|0x0000000715400000, 0x0000000715400000, 0x0000000715600000|  0%| F|  |TAMS 0x0000000715400000, 0x0000000715400000| Untracked 
|  36|0x0000000715600000, 0x0000000715600000, 0x0000000715800000|  0%| F|  |TAMS 0x0000000715600000, 0x0000000715600000| Untracked 
|  37|0x0000000715800000, 0x0000000715800000, 0x0000000715a00000|  0%| F|  |TAMS 0x0000000715800000, 0x0000000715800000| Untracked 
|  38|0x0000000715a00000, 0x0000000715a00000, 0x0000000715c00000|  0%| F|  |TAMS 0x0000000715a00000, 0x0000000715a00000| Untracked 
|  39|0x0000000715c00000, 0x0000000715c00000, 0x0000000715e00000|  0%| F|  |TAMS 0x0000000715c00000, 0x0000000715c00000| Untracked 
|  40|0x0000000715e00000, 0x0000000715e00000, 0x0000000716000000|  0%| F|  |TAMS 0x0000000715e00000, 0x0000000715e00000| Untracked 
|  41|0x0000000716000000, 0x0000000716000000, 0x0000000716200000|  0%| F|  |TAMS 0x0000000716000000, 0x0000000716000000| Untracked 
|  42|0x0000000716200000, 0x0000000716200000, 0x0000000716400000|  0%| F|  |TAMS 0x0000000716200000, 0x0000000716200000| Untracked 
|  43|0x0000000716400000, 0x0000000716400000, 0x0000000716600000|  0%| F|  |TAMS 0x0000000716400000, 0x0000000716400000| Untracked 
|  44|0x0000000716600000, 0x0000000716600000, 0x0000000716800000|  0%| F|  |TAMS 0x0000000716600000, 0x0000000716600000| Untracked 
|  45|0x0000000716800000, 0x0000000716800000, 0x0000000716a00000|  0%| F|  |TAMS 0x0000000716800000, 0x0000000716800000| Untracked 
|  46|0x0000000716a00000, 0x0000000716a00000, 0x0000000716c00000|  0%| F|  |TAMS 0x0000000716a00000, 0x0000000716a00000| Untracked 
|  47|0x0000000716c00000, 0x0000000716c00000, 0x0000000716e00000|  0%| F|  |TAMS 0x0000000716c00000, 0x0000000716c00000| Untracked 
|  48|0x0000000716e00000, 0x0000000716e00000, 0x0000000717000000|  0%| F|  |TAMS 0x0000000716e00000, 0x0000000716e00000| Untracked 
|  49|0x0000000717000000, 0x0000000717000000, 0x0000000717200000|  0%| F|  |TAMS 0x0000000717000000, 0x0000000717000000| Untracked 
|  50|0x0000000717200000, 0x0000000717200000, 0x0000000717400000|  0%| F|  |TAMS 0x0000000717200000, 0x0000000717200000| Untracked 
|  51|0x0000000717400000, 0x0000000717400000, 0x0000000717600000|  0%| F|  |TAMS 0x0000000717400000, 0x0000000717400000| Untracked 
|  52|0x0000000717600000, 0x0000000717600000, 0x0000000717800000|  0%| F|  |TAMS 0x0000000717600000, 0x0000000717600000| Untracked 
|  53|0x0000000717800000, 0x0000000717800000, 0x0000000717a00000|  0%| F|  |TAMS 0x0000000717800000, 0x0000000717800000| Untracked 
|  54|0x0000000717a00000, 0x0000000717a00000, 0x0000000717c00000|  0%| F|  |TAMS 0x0000000717a00000, 0x0000000717a00000| Untracked 
|  55|0x0000000717c00000, 0x0000000717c00000, 0x0000000717e00000|  0%| F|  |TAMS 0x0000000717c00000, 0x0000000717c00000| Untracked 
|  56|0x0000000717e00000, 0x0000000717e00000, 0x0000000718000000|  0%| F|  |TAMS 0x0000000717e00000, 0x0000000717e00000| Untracked 
|  57|0x0000000718000000, 0x0000000718000000, 0x0000000718200000|  0%| F|  |TAMS 0x0000000718000000, 0x0000000718000000| Untracked 
|  58|0x0000000718200000, 0x0000000718200000, 0x0000000718400000|  0%| F|  |TAMS 0x0000000718200000, 0x0000000718200000| Untracked 
|  59|0x0000000718400000, 0x0000000718400000, 0x0000000718600000|  0%| F|  |TAMS 0x0000000718400000, 0x0000000718400000| Untracked 
|  60|0x0000000718600000, 0x0000000718600000, 0x0000000718800000|  0%| F|  |TAMS 0x0000000718600000, 0x0000000718600000| Untracked 
|  61|0x0000000718800000, 0x0000000718800000, 0x0000000718a00000|  0%| F|  |TAMS 0x0000000718800000, 0x0000000718800000| Untracked 
|  62|0x0000000718a00000, 0x0000000718a00000, 0x0000000718c00000|  0%| F|  |TAMS 0x0000000718a00000, 0x0000000718a00000| Untracked 
|  63|0x0000000718c00000, 0x0000000718c00000, 0x0000000718e00000|  0%| F|  |TAMS 0x0000000718c00000, 0x0000000718c00000| Untracked 
|  64|0x0000000718e00000, 0x0000000718e00000, 0x0000000719000000|  0%| F|  |TAMS 0x0000000718e00000, 0x0000000718e00000| Untracked 
|  65|0x0000000719000000, 0x0000000719000000, 0x0000000719200000|  0%| F|  |TAMS 0x0000000719000000, 0x0000000719000000| Untracked 
|  66|0x0000000719200000, 0x0000000719200000, 0x0000000719400000|  0%| F|  |TAMS 0x0000000719200000, 0x0000000719200000| Untracked 
|  67|0x0000000719400000, 0x0000000719400000, 0x0000000719600000|  0%| F|  |TAMS 0x0000000719400000, 0x0000000719400000| Untracked 
|  68|0x0000000719600000, 0x0000000719600000, 0x0000000719800000|  0%| F|  |TAMS 0x0000000719600000, 0x0000000719600000| Untracked 
|  69|0x0000000719800000, 0x0000000719800000, 0x0000000719a00000|  0%| F|  |TAMS 0x0000000719800000, 0x0000000719800000| Untracked 
|  70|0x0000000719a00000, 0x0000000719a00000, 0x0000000719c00000|  0%| F|  |TAMS 0x0000000719a00000, 0x0000000719a00000| Untracked 
|  71|0x0000000719c00000, 0x0000000719c00000, 0x0000000719e00000|  0%| F|  |TAMS 0x0000000719c00000, 0x0000000719c00000| Untracked 
|  72|0x0000000719e00000, 0x0000000719e00000, 0x000000071a000000|  0%| F|  |TAMS 0x0000000719e00000, 0x0000000719e00000| Untracked 
|  73|0x000000071a000000, 0x000000071a000000, 0x000000071a200000|  0%| F|  |TAMS 0x000000071a000000, 0x000000071a000000| Untracked 
|  74|0x000000071a200000, 0x000000071a200000, 0x000000071a400000|  0%| F|  |TAMS 0x000000071a200000, 0x000000071a200000| Untracked 
|  75|0x000000071a400000, 0x000000071a400000, 0x000000071a600000|  0%| F|  |TAMS 0x000000071a400000, 0x000000071a400000| Untracked 
|  76|0x000000071a600000, 0x000000071a600000, 0x000000071a800000|  0%| F|  |TAMS 0x000000071a600000, 0x000000071a600000| Untracked 
|  77|0x000000071a800000, 0x000000071a800000, 0x000000071aa00000|  0%| F|  |TAMS 0x000000071a800000, 0x000000071a800000| Untracked 
|  78|0x000000071aa00000, 0x000000071aa00000, 0x000000071ac00000|  0%| F|  |TAMS 0x000000071aa00000, 0x000000071aa00000| Untracked 
|  79|0x000000071ac00000, 0x000000071ac00000, 0x000000071ae00000|  0%| F|  |TAMS 0x000000071ac00000, 0x000000071ac00000| Untracked 
|  80|0x000000071ae00000, 0x000000071ae00000, 0x000000071b000000|  0%| F|  |TAMS 0x000000071ae00000, 0x000000071ae00000| Untracked 
|  81|0x000000071b000000, 0x000000071b000000, 0x000000071b200000|  0%| F|  |TAMS 0x000000071b000000, 0x000000071b000000| Untracked 
|  82|0x000000071b200000, 0x000000071b200000, 0x000000071b400000|  0%| F|  |TAMS 0x000000071b200000, 0x000000071b200000| Untracked 
|  83|0x000000071b400000, 0x000000071b400000, 0x000000071b600000|  0%| F|  |TAMS 0x000000071b400000, 0x000000071b400000| Untracked 
|  84|0x000000071b600000, 0x000000071b600000, 0x000000071b800000|  0%| F|  |TAMS 0x000000071b600000, 0x000000071b600000| Untracked 
|  85|0x000000071b800000, 0x000000071b800000, 0x000000071ba00000|  0%| F|  |TAMS 0x000000071b800000, 0x000000071b800000| Untracked 
|  86|0x000000071ba00000, 0x000000071ba00000, 0x000000071bc00000|  0%| F|  |TAMS 0x000000071ba00000, 0x000000071ba00000| Untracked 
|  87|0x000000071bc00000, 0x000000071bc00000, 0x000000071be00000|  0%| F|  |TAMS 0x000000071bc00000, 0x000000071bc00000| Untracked 
|  88|0x000000071be00000, 0x000000071be00000, 0x000000071c000000|  0%| F|  |TAMS 0x000000071be00000, 0x000000071be00000| Untracked 
|  89|0x000000071c000000, 0x000000071c000000, 0x000000071c200000|  0%| F|  |TAMS 0x000000071c000000, 0x000000071c000000| Untracked 
|  90|0x000000071c200000, 0x000000071c200000, 0x000000071c400000|  0%| F|  |TAMS 0x000000071c200000, 0x000000071c200000| Untracked 
|  91|0x000000071c400000, 0x000000071c400000, 0x000000071c600000|  0%| F|  |TAMS 0x000000071c400000, 0x000000071c400000| Untracked 
|  92|0x000000071c600000, 0x000000071c600000, 0x000000071c800000|  0%| F|  |TAMS 0x000000071c600000, 0x000000071c600000| Untracked 
|  93|0x000000071c800000, 0x000000071c800000, 0x000000071ca00000|  0%| F|  |TAMS 0x000000071c800000, 0x000000071c800000| Untracked 
|  94|0x000000071ca00000, 0x000000071ca00000, 0x000000071cc00000|  0%| F|  |TAMS 0x000000071ca00000, 0x000000071ca00000| Untracked 
|  95|0x000000071cc00000, 0x000000071cc00000, 0x000000071ce00000|  0%| F|  |TAMS 0x000000071cc00000, 0x000000071cc00000| Untracked 
|  96|0x000000071ce00000, 0x000000071ce00000, 0x000000071d000000|  0%| F|  |TAMS 0x000000071ce00000, 0x000000071ce00000| Untracked 
|  97|0x000000071d000000, 0x000000071d000000, 0x000000071d200000|  0%| F|  |TAMS 0x000000071d000000, 0x000000071d000000| Untracked 
|  98|0x000000071d200000, 0x000000071d200000, 0x000000071d400000|  0%| F|  |TAMS 0x000000071d200000, 0x000000071d200000| Untracked 
|  99|0x000000071d400000, 0x000000071d400000, 0x000000071d600000|  0%| F|  |TAMS 0x000000071d400000, 0x000000071d400000| Untracked 
| 100|0x000000071d600000, 0x000000071d600000, 0x000000071d800000|  0%| F|  |TAMS 0x000000071d600000, 0x000000071d600000| Untracked 
| 101|0x000000071d800000, 0x000000071d800000, 0x000000071da00000|  0%| F|  |TAMS 0x000000071d800000, 0x000000071d800000| Untracked 
| 102|0x000000071da00000, 0x000000071db00800, 0x000000071dc00000| 50%| E|  |TAMS 0x000000071da00000, 0x000000071da00000| Complete 
| 103|0x000000071dc00000, 0x000000071de00000, 0x000000071de00000|100%| S|CS|TAMS 0x000000071dc00000, 0x000000071dc00000| Complete 
| 104|0x000000071de00000, 0x000000071e000000, 0x000000071e000000|100%| S|CS|TAMS 0x000000071de00000, 0x000000071de00000| Complete 
| 105|0x000000071e000000, 0x000000071e200000, 0x000000071e200000|100%| E|CS|TAMS 0x000000071e000000, 0x000000071e000000| Complete 
| 106|0x000000071e200000, 0x000000071e400000, 0x000000071e400000|100%| E|CS|TAMS 0x000000071e200000, 0x000000071e200000| Complete 
| 107|0x000000071e400000, 0x000000071e600000, 0x000000071e600000|100%| E|CS|TAMS 0x000000071e400000, 0x000000071e400000| Complete 
| 108|0x000000071e600000, 0x000000071e800000, 0x000000071e800000|100%| E|CS|TAMS 0x000000071e600000, 0x000000071e600000| Complete 
| 109|0x000000071e800000, 0x000000071ea00000, 0x000000071ea00000|100%| E|CS|TAMS 0x000000071e800000, 0x000000071e800000| Complete 
| 110|0x000000071ea00000, 0x000000071ec00000, 0x000000071ec00000|100%| E|CS|TAMS 0x000000071ea00000, 0x000000071ea00000| Complete 
| 111|0x000000071ec00000, 0x000000071ee00000, 0x000000071ee00000|100%| E|CS|TAMS 0x000000071ec00000, 0x000000071ec00000| Complete 
| 112|0x000000071ee00000, 0x000000071f000000, 0x000000071f000000|100%| E|CS|TAMS 0x000000071ee00000, 0x000000071ee00000| Complete 
| 113|0x000000071f000000, 0x000000071f200000, 0x000000071f200000|100%| E|CS|TAMS 0x000000071f000000, 0x000000071f000000| Complete 
| 114|0x000000071f200000, 0x000000071f400000, 0x000000071f400000|100%| E|CS|TAMS 0x000000071f200000, 0x000000071f200000| Complete 
| 115|0x000000071f400000, 0x000000071f600000, 0x000000071f600000|100%| E|CS|TAMS 0x000000071f400000, 0x000000071f400000| Complete 
| 116|0x000000071f600000, 0x000000071f800000, 0x000000071f800000|100%| E|CS|TAMS 0x000000071f600000, 0x000000071f600000| Complete 
| 117|0x000000071f800000, 0x000000071fa00000, 0x000000071fa00000|100%| E|CS|TAMS 0x000000071f800000, 0x000000071f800000| Complete 
| 118|0x000000071fa00000, 0x000000071fc00000, 0x000000071fc00000|100%| E|CS|TAMS 0x000000071fa00000, 0x000000071fa00000| Complete 
| 119|0x000000071fc00000, 0x000000071fe00000, 0x000000071fe00000|100%| E|CS|TAMS 0x000000071fc00000, 0x000000071fc00000| Complete 

Card table byte_map: [0x000001fefb030000,0x000001fefb7b0000] _byte_map_base: 0x000001fef77a9000

Marking Bits (Prev, Next): (CMBitMap*) 0x000001fef0965b40, (CMBitMap*) 0x000001fef0965b80
 Prev Bits: [0x000001fefbf30000, 0x000001feffaf8000)
 Next Bits: [0x000001fe8f000000, 0x000001fe92bc8000)

Polling page: 0x000001fef09b0000

Metaspace:

Usage:
  Non-class:      9.51 MB used.
      Class:      1.11 MB used.
       Both:     10.63 MB used.

Virtual space:
  Non-class space:       64.00 MB reserved,       9.62 MB ( 15%) committed,  1 nodes.
      Class space:        1.00 GB reserved,       1.25 MB ( <1%) committed,  1 nodes.
             Both:        1.06 GB reserved,      10.88 MB ( <1%) committed. 

Chunk freelists:
   Non-Class:  6.03 MB
       Class:  14.79 MB
        Both:  20.82 MB

MaxMetaspaceSize: unlimited
CompressedClassSpaceSize: 1.00 GB
Initial GC threshold: 21.00 MB
Current GC threshold: 21.00 MB
CDS: on
MetaspaceReclaimPolicy: balanced
 - commit_granule_bytes: 65536.
 - commit_granule_words: 8192.
 - virtual_space_node_default_size: 8388608.
 - enlarge_chunks_in_place: 1.
 - new_chunks_are_fully_committed: 0.
 - uncommit_free_chunks: 1.
 - use_allocation_guard: 0.
 - handle_deallocations: 1.


Internal statistics:

num_allocs_failed_limit: 0.
num_arena_births: 152.
num_arena_deaths: 0.
num_vsnodes_births: 2.
num_vsnodes_deaths: 0.
num_space_committed: 174.
num_space_uncommitted: 0.
num_chunks_returned_to_freelist: 0.
num_chunks_taken_from_freelist: 449.
num_chunk_merges: 0.
num_chunk_splits: 281.
num_chunks_enlarged: 185.
num_inconsistent_stats: 0.

CodeHeap 'non-profiled nmethods': size=120000Kb used=797Kb max_used=797Kb free=119202Kb
 bounds [0x000001fe87ad0000, 0x000001fe87d40000, 0x000001fe8f000000]
CodeHeap 'profiled nmethods': size=120000Kb used=4243Kb max_used=4243Kb free=115756Kb
 bounds [0x000001fe80000000, 0x000001fe80430000, 0x000001fe87530000]
CodeHeap 'non-nmethods': size=5760Kb used=1171Kb max_used=1205Kb free=4588Kb
 bounds [0x000001fe87530000, 0x000001fe877a0000, 0x000001fe87ad0000]
 total_blobs=2616 nmethods=2149 adapters=380
 compilation: enabled
              stopped_count=0, restarted_count=0
 full_count=0

Compilation events (20 events):
Event: 7.303 Thread 0x000001fe954a9800 nmethod 2127 0x000001fe80410410 code [0x000001fe804105e0, 0x000001fe804109b8]
Event: 7.303 Thread 0x000001fe954a9800 2128       3       jdk.internal.reflect.UnsafeObjectFieldAccessorImpl::get (17 bytes)
Event: 7.304 Thread 0x000001fe954a9800 nmethod 2128 0x000001fe80410b10 code [0x000001fe80410d00, 0x000001fe80411368]
Event: 7.305 Thread 0x000001fe954a9800 2129       3       com.sun.xml.bind.DatatypeConverterImpl::_parseQName (256 bytes)
Event: 7.306 Thread 0x000001fe954a9800 nmethod 2129 0x000001fe80411590 code [0x000001fe80411980, 0x000001fe80413358]
Event: 7.306 Thread 0x000001fe954a9800 2131       3       com.sun.xml.bind.v2.runtime.JaxBeanInfo::getTypeNames (43 bytes)
Event: 7.306 Thread 0x000001fe954a9800 nmethod 2131 0x000001fe80413c90 code [0x000001fe80413ee0, 0x000001fe80414aa8]
Event: 7.309 Thread 0x000001fe954a9800 2133   !   3       jdk.internal.reflect.GeneratedConstructorAccessor21::newInstance (49 bytes)
Event: 7.309 Thread 0x000001fe954a9800 nmethod 2133 0x000001fe80414d90 code [0x000001fe80414f80, 0x000001fe80415468]
Event: 7.310 Thread 0x000001fe954a9800 2134       3       com.sun.xml.bind.v2.runtime.unmarshaller.XsiTypeLoader::startElement (41 bytes)
Event: 7.311 Thread 0x000001fe954a9800 nmethod 2134 0x000001fe80415710 code [0x000001fe80415900, 0x000001fe804160a8]
Event: 7.311 Thread 0x000001fe954a9800 2136       3       com.sun.xml.bind.v2.model.impl.RuntimeBuiltinLeafInfoImpl$19::parse (6 bytes)
Event: 7.311 Thread 0x000001fe954a9800 nmethod 2136 0x000001fe80416310 code [0x000001fe80416500, 0x000001fe804168a8]
Event: 7.311 Thread 0x000001fe954a9800 2137       3       com.sun.xml.bind.v2.model.impl.RuntimeBuiltinLeafInfoImpl$19::parse (8 bytes)
Event: 7.311 Thread 0x000001fe954a9800 nmethod 2137 0x000001fe80416a90 code [0x000001fe80416c80, 0x000001fe80416fc8]
Event: 7.311 Thread 0x000001fe954a9800 2138       3       com.sun.xml.bind.DatatypeConverterImpl::_parseLong (16 bytes)
Event: 7.311 Thread 0x000001fe954a9800 nmethod 2138 0x000001fe80417190 code [0x000001fe80417360, 0x000001fe804175f8]
Event: 7.311 Thread 0x000001fe954a9800 2139       3       com.sun.xml.bind.DatatypeConverterImpl::removeOptionalPlus (73 bytes)
Event: 7.311 Thread 0x000001fe954a9800 nmethod 2139 0x000001fe80417710 code [0x000001fe80417920, 0x000001fe80417f88]
Event: 7.311 Thread 0x000001fe954a9800 2135       3       com.sun.xml.bind.v2.runtime.unmarshaller.XsiTypeLoader::parseXsiType (196 bytes)

GC Heap History (4 events):
Event: 0.745 GC heap before
{Heap before GC invocations=0 (full 0):
 garbage-first heap   total 245760K, used 20480K [0x0000000710e00000, 0x0000000800000000)
  region size 2048K, 11 young (22528K), 0 survivors (0K)
 Metaspace       used 7613K, committed 7680K, reserved 1114112K
  class space    used 727K, committed 768K, reserved 1048576K
}
Event: 0.749 GC heap after
{Heap after GC invocations=1 (full 0):
 garbage-first heap   total 245760K, used 4096K [0x0000000710e00000, 0x0000000800000000)
  region size 2048K, 2 young (4096K), 2 survivors (4096K)
 Metaspace       used 7613K, committed 7680K, reserved 1114112K
  class space    used 727K, committed 768K, reserved 1048576K
}
Event: 1.093 GC heap before
{Heap before GC invocations=1 (full 0):
 garbage-first heap   total 245760K, used 28672K [0x0000000710e00000, 0x0000000800000000)
  region size 2048K, 15 young (30720K), 2 survivors (4096K)
 Metaspace       used 10666K, committed 10944K, reserved 1114112K
  class space    used 1133K, committed 1280K, reserved 1048576K
}
Event: 1.098 GC heap after
{Heap after GC invocations=2 (full 0):
 garbage-first heap   total 245760K, used 9713K [0x0000000710e00000, 0x0000000800000000)
  region size 2048K, 2 young (4096K), 2 survivors (4096K)
 Metaspace       used 10666K, committed 10944K, reserved 1114112K
  class space    used 1133K, committed 1280K, reserved 1048576K
}

Dll operation events (6 events):
Event: 0.008 Loaded shared library C:\Program Files\Unity\Hub\Editor\6000.0.35f1\Editor\Data\PlaybackEngines\AndroidPlayer\OpenJDK\bin\java.dll
Event: 0.049 Loaded shared library C:\Program Files\Unity\Hub\Editor\6000.0.35f1\Editor\Data\PlaybackEngines\AndroidPlayer\OpenJDK\bin\jsvml.dll
Event: 0.077 Loaded shared library C:\Program Files\Unity\Hub\Editor\6000.0.35f1\Editor\Data\PlaybackEngines\AndroidPlayer\OpenJDK\bin\net.dll
Event: 0.079 Loaded shared library C:\Program Files\Unity\Hub\Editor\6000.0.35f1\Editor\Data\PlaybackEngines\AndroidPlayer\OpenJDK\bin\nio.dll
Event: 0.087 Loaded shared library C:\Program Files\Unity\Hub\Editor\6000.0.35f1\Editor\Data\PlaybackEngines\AndroidPlayer\OpenJDK\bin\zip.dll
Event: 0.351 Loaded shared library C:\Program Files\Unity\Hub\Editor\6000.0.35f1\Editor\Data\PlaybackEngines\AndroidPlayer\OpenJDK\bin\jimage.dll

Deoptimization events (20 events):
Event: 1.145 Thread 0x000001fef08fb200 DEOPT PACKING pc=0x000001fe8020832e sp=0x0000005673efdcb0
Event: 1.145 Thread 0x000001fef08fb200 DEOPT UNPACKING pc=0x000001fe87587143 sp=0x0000005673efd1a0 mode 0
Event: 1.146 Thread 0x000001fef08fb200 DEOPT PACKING pc=0x000001fe80347496 sp=0x0000005673efdb00
Event: 1.146 Thread 0x000001fef08fb200 DEOPT UNPACKING pc=0x000001fe87587143 sp=0x0000005673efcfc0 mode 0
Event: 1.147 Thread 0x000001fef08fb200 DEOPT PACKING pc=0x000001fe80347496 sp=0x0000005673efdd40
Event: 1.147 Thread 0x000001fef08fb200 DEOPT UNPACKING pc=0x000001fe87587143 sp=0x0000005673efd200 mode 0
Event: 1.150 Thread 0x000001fef08fb200 DEOPT PACKING pc=0x000001fe8020832e sp=0x0000005673efdcb0
Event: 1.150 Thread 0x000001fef08fb200 DEOPT UNPACKING pc=0x000001fe87587143 sp=0x0000005673efd1a0 mode 0
Event: 1.154 Thread 0x000001fef08fb200 DEOPT PACKING pc=0x000001fe8020832e sp=0x0000005673efdcb0
Event: 1.154 Thread 0x000001fef08fb200 DEOPT UNPACKING pc=0x000001fe87587143 sp=0x0000005673efd1a0 mode 0
Event: 1.157 Thread 0x000001fef08fb200 DEOPT PACKING pc=0x000001fe8020832e sp=0x0000005673efdcc0
Event: 1.157 Thread 0x000001fef08fb200 DEOPT UNPACKING pc=0x000001fe87587143 sp=0x0000005673efd1b0 mode 0
Event: 2.171 Thread 0x000001fef08fb200 DEOPT PACKING pc=0x000001fe8020832e sp=0x0000005673efdd40
Event: 2.171 Thread 0x000001fef08fb200 DEOPT UNPACKING pc=0x000001fe87587143 sp=0x0000005673efd230 mode 0
Event: 2.189 Thread 0x000001fef08fb200 DEOPT PACKING pc=0x000001fe8020832e sp=0x0000005673efdd40
Event: 2.189 Thread 0x000001fef08fb200 DEOPT UNPACKING pc=0x000001fe87587143 sp=0x0000005673efd230 mode 0
Event: 2.192 Thread 0x000001fef08fb200 DEOPT PACKING pc=0x000001fe8020832e sp=0x0000005673efdd40
Event: 2.192 Thread 0x000001fef08fb200 DEOPT UNPACKING pc=0x000001fe87587143 sp=0x0000005673efd230 mode 0
Event: 2.194 Thread 0x000001fef08fb200 DEOPT PACKING pc=0x000001fe8020832e sp=0x0000005673efdd40
Event: 2.194 Thread 0x000001fef08fb200 DEOPT UNPACKING pc=0x000001fe87587143 sp=0x0000005673efd230 mode 0

Classes unloaded (0 events):
No events

Classes redefined (0 events):
No events

Internal exceptions (20 events):
Event: 0.657 Thread 0x000001fef08fb200 Exception <a 'sun/nio/fs/WindowsException'{0x000000071eb896d0}> (0x000000071eb896d0) 
thrown [s\src\hotspot\share\prims\jni.cpp, line 516]
Event: 0.658 Thread 0x000001fef08fb200 Exception <a 'sun/nio/fs/WindowsException'{0x000000071eb89af0}> (0x000000071eb89af0) 
thrown [s\src\hotspot\share\prims\jni.cpp, line 516]
Event: 0.662 Thread 0x000001fef08fb200 Exception <a 'sun/nio/fs/WindowsException'{0x000000071ebc8948}> (0x000000071ebc8948) 
thrown [s\src\hotspot\share\prims\jni.cpp, line 516]
Event: 0.665 Thread 0x000001fef08fb200 Exception <a 'sun/nio/fs/WindowsException'{0x000000071ebd26f8}> (0x000000071ebd26f8) 
thrown [s\src\hotspot\share\prims\jni.cpp, line 516]
Event: 0.665 Thread 0x000001fef08fb200 Exception <a 'sun/nio/fs/WindowsException'{0x000000071ebd2b18}> (0x000000071ebd2b18) 
thrown [s\src\hotspot\share\prims\jni.cpp, line 516]
Event: 0.669 Thread 0x000001fef08fb200 Exception <a 'sun/nio/fs/WindowsException'{0x000000071e807768}> (0x000000071e807768) 
thrown [s\src\hotspot\share\prims\jni.cpp, line 516]
Event: 0.672 Thread 0x000001fef08fb200 Exception <a 'sun/nio/fs/WindowsException'{0x000000071e8114c8}> (0x000000071e8114c8) 
thrown [s\src\hotspot\share\prims\jni.cpp, line 516]
Event: 0.672 Thread 0x000001fef08fb200 Exception <a 'sun/nio/fs/WindowsException'{0x000000071e811888}> (0x000000071e811888) 
thrown [s\src\hotspot\share\prims\jni.cpp, line 516]
Event: 0.673 Thread 0x000001fef08fb200 Exception <a 'sun/nio/fs/WindowsException'{0x000000071e8164a0}> (0x000000071e8164a0) 
thrown [s\src\hotspot\share\prims\jni.cpp, line 516]
Event: 0.674 Thread 0x000001fef08fb200 Exception <a 'sun/nio/fs/WindowsException'{0x000000071e81e238}> (0x000000071e81e238) 
thrown [s\src\hotspot\share\prims\jni.cpp, line 516]
Event: 0.674 Thread 0x000001fef08fb200 Exception <a 'sun/nio/fs/WindowsException'{0x000000071e81e5e8}> (0x000000071e81e5e8) 
thrown [s\src\hotspot\share\prims\jni.cpp, line 516]
Event: 0.675 Thread 0x000001fef08fb200 Exception <a 'sun/nio/fs/WindowsException'{0x000000071e81ed50}> (0x000000071e81ed50) 
thrown [s\src\hotspot\share\prims\jni.cpp, line 516]
Event: 0.675 Thread 0x000001fef08fb200 Exception <a 'sun/nio/fs/WindowsException'{0x000000071e81f2c0}> (0x000000071e81f2c0) 
thrown [s\src\hotspot\share\prims\jni.cpp, line 516]
Event: 0.727 Thread 0x000001fef08fb200 Exception <a 'java/lang/NoSuchMethodError'{0x000000071e921610}: 'java.lang.Object java.lang.invoke.DirectMethodHandle$Holder.newInvokeSpecial(java.lang.Object, double)'> (0x000000071e921610) 
thrown [s\src\hotspot\share\interpreter\linkResolver.cpp, line 759]
Event: 0.762 Thread 0x000001fef08fb200 Exception <a 'java/lang/NullPointerException'{0x000000071fd60a10}> (0x000000071fd60a10) 
thrown [s\src\hotspot\share\interpreter\linkResolver.cpp, line 1433]
Event: 0.912 Thread 0x000001fef08fb200 Exception <a 'java/lang/NoSuchMethodError'{0x000000071f69e4e0}: 'java.lang.Object java.lang.invoke.DirectMethodHandle$Holder.newInvokeSpecial(java.lang.Object, java.lang.Object, int)'> (0x000000071f69e4e0) 
thrown [s\src\hotspot\share\interpreter\linkResolver.cpp, line 759]
Event: 0.926 Thread 0x000001fef08fb200 Exception <a 'sun/nio/fs/WindowsException'{0x000000071f6f1e08}> (0x000000071f6f1e08) 
thrown [s\src\hotspot\share\prims\jni.cpp, line 516]
Event: 0.926 Thread 0x000001fef08fb200 Exception <a 'java/lang/NoSuchMethodError'{0x000000071f6f2a70}: 'int java.lang.invoke.DirectMethodHandle$Holder.invokeInterface(java.lang.Object, java.lang.Object)'> (0x000000071f6f2a70) 
thrown [s\src\hotspot\share\interpreter\linkResolver.cpp, line 759]
Event: 0.928 Thread 0x000001fef08fb200 Exception <a 'java/lang/NoSuchMethodError'{0x000000071f6fce38}: 'void java.lang.invoke.DirectMethodHandle$Holder.invokeStatic(java.lang.Object, int, java.lang.Object)'> (0x000000071f6fce38) 
thrown [s\src\hotspot\share\interpreter\linkResolver.cpp, line 759]
Event: 0.931 Thread 0x000001fef08fb200 Exception <a 'java/lang/NoSuchMethodError'{0x000000071f70e928}: 'java.lang.Object java.lang.invoke.DirectMethodHandle$Holder.newInvokeSpecial(java.lang.Object, java.lang.Object, java.lang.Object, java.lang.Object, java.lang.Object, java.lang.Object)'> (0x000000071f70e928) 
thrown [s\src\hotspot\share\interpreter\linkResolver.cpp, line 759]

VM Operations (20 events):
Event: 0.739 Executing VM operation: HandshakeAllThreads done
Event: 0.745 Executing VM operation: G1CollectForAllocation
Event: 0.749 Executing VM operation: G1CollectForAllocation done
Event: 0.773 Executing VM operation: HandshakeAllThreads
Event: 0.773 Executing VM operation: HandshakeAllThreads done
Event: 1.067 Executing VM operation: ICBufferFull
Event: 1.067 Executing VM operation: ICBufferFull done
Event: 1.093 Executing VM operation: G1CollectForAllocation
Event: 1.098 Executing VM operation: G1CollectForAllocation done
Event: 2.107 Executing VM operation: Cleanup
Event: 2.186 Executing VM operation: Cleanup done
Event: 3.196 Executing VM operation: Cleanup
Event: 3.196 Executing VM operation: Cleanup done
Event: 4.203 Executing VM operation: Cleanup
Event: 4.234 Executing VM operation: Cleanup done
Event: 5.247 Executing VM operation: Cleanup
Event: 5.247 Executing VM operation: Cleanup done
Event: 6.249 Executing VM operation: Cleanup
Event: 6.282 Executing VM operation: Cleanup done
Event: 8.305 Executing VM operation: Cleanup

Events (20 events):
Event: 0.961 Thread 0x000001fedba3e930 Thread exited: 0x000001fedba3e930
Event: 0.962 Thread 0x000001fedbc19380 Thread exited: 0x000001fedbc19380
Event: 0.974 loading class jdk/internal/ValueBased
Event: 0.974 loading class jdk/internal/ValueBased done
Event: 0.989 loading class java/lang/Package$1PackageInfoProxy
Event: 0.989 loading class java/lang/Package$1PackageInfoProxy done
Event: 0.989 loading class java/beans/Introspector
Event: 0.989 loading class java/beans/Introspector done
Event: 0.989 loading class java/beans/EventSetDescriptor
Event: 0.989 loading class java/beans/FeatureDescriptor
Event: 0.990 loading class java/beans/FeatureDescriptor done
Event: 0.990 loading class java/beans/EventSetDescriptor done
Event: 0.990 loading class java/beans/Introspector$1
Event: 0.990 loading class jdk/internal/access/JavaBeansAccess
Event: 0.990 loading class jdk/internal/access/JavaBeansAccess done
Event: 0.990 loading class java/beans/Introspector$1 done
Event: 1.056 loading class jdk/internal/reflect/UnsafeBooleanFieldAccessorImpl
Event: 1.056 loading class jdk/internal/reflect/UnsafeBooleanFieldAccessorImpl done
Event: 1.057 loading class jdk/internal/reflect/UnsafeIntegerFieldAccessorImpl
Event: 1.057 loading class jdk/internal/reflect/UnsafeIntegerFieldAccessorImpl done


Dynamic libraries:
0x00007ff725f80000 - 0x00007ff725f8e000 	C:\Program Files\Unity\Hub\Editor\6000.0.35f1\Editor\Data\PlaybackEngines\AndroidPlayer\OpenJDK\bin\java.exe
0x00007ffc16220000 - 0x00007ffc16485000 	C:\WINDOWS\SYSTEM32\ntdll.dll
0x00007ffc14710000 - 0x00007ffc147d9000 	C:\WINDOWS\System32\KERNEL32.DLL
0x00007ffc13690000 - 0x00007ffc13a78000 	C:\WINDOWS\System32\KERNELBASE.dll
0x00007ffc134b0000 - 0x00007ffc135fb000 	C:\WINDOWS\System32\ucrtbase.dll
0x00007ffc02ed0000 - 0x00007ffc02ee7000 	C:\Program Files\Unity\Hub\Editor\6000.0.35f1\Editor\Data\PlaybackEngines\AndroidPlayer\OpenJDK\bin\jli.dll
0x00007ffbf9de0000 - 0x00007ffbf9dfb000 	C:\Program Files\Unity\Hub\Editor\6000.0.35f1\Editor\Data\PlaybackEngines\AndroidPlayer\OpenJDK\bin\VCRUNTIME140.dll
0x00007ffc15fa0000 - 0x00007ffc1616a000 	C:\WINDOWS\System32\USER32.dll
0x00007ffc13f90000 - 0x00007ffc13fb7000 	C:\WINDOWS\System32\win32u.dll
0x00007ffbfc5d0000 - 0x00007ffbfc86a000 	C:\WINDOWS\WinSxS\amd64_microsoft.windows.common-controls_6595b64144ccf1df_6.0.26100.4202_none_3e0698d4e335f517\COMCTL32.dll
0x00007ffc14df0000 - 0x00007ffc14e1b000 	C:\WINDOWS\System32\GDI32.dll
0x00007ffc14e40000 - 0x00007ffc14ee9000 	C:\WINDOWS\System32\msvcrt.dll
0x00007ffc13370000 - 0x00007ffc134a7000 	C:\WINDOWS\System32\gdi32full.dll
0x00007ffc13ca0000 - 0x00007ffc13d43000 	C:\WINDOWS\System32\msvcp_win.dll
0x00007ffc15dd0000 - 0x00007ffc15e00000 	C:\WINDOWS\System32\IMM32.DLL
0x00007ffbf9dd0000 - 0x00007ffbf9ddc000 	C:\Program Files\Unity\Hub\Editor\6000.0.35f1\Editor\Data\PlaybackEngines\AndroidPlayer\OpenJDK\bin\vcruntime140_1.dll
0x00007ffbf74c0000 - 0x00007ffbf754d000 	C:\Program Files\Unity\Hub\Editor\6000.0.35f1\Editor\Data\PlaybackEngines\AndroidPlayer\OpenJDK\bin\msvcp140.dll
0x00007ffb77bb0000 - 0x00007ffb78811000 	C:\Program Files\Unity\Hub\Editor\6000.0.35f1\Editor\Data\PlaybackEngines\AndroidPlayer\OpenJDK\bin\server\jvm.dll
0x00007ffc14040000 - 0x00007ffc140f3000 	C:\WINDOWS\System32\ADVAPI32.dll
0x00007ffc14a40000 - 0x00007ffc14ae6000 	C:\WINDOWS\System32\sechost.dll
0x00007ffc14af0000 - 0x00007ffc14c05000 	C:\WINDOWS\System32\RPCRT4.dll
0x00007ffc0b5c0000 - 0x00007ffc0b5f5000 	C:\WINDOWS\SYSTEM32\WINMM.dll
0x00007ffc020a0000 - 0x00007ffc020aa000 	C:\WINDOWS\SYSTEM32\WSOCK32.dll
0x00007ffc12bd0000 - 0x00007ffc12c2e000 	C:\WINDOWS\SYSTEM32\POWRPROF.dll
0x00007ffc14100000 - 0x00007ffc14174000 	C:\WINDOWS\System32\WS2_32.dll
0x00007ffc0d330000 - 0x00007ffc0d33b000 	C:\WINDOWS\SYSTEM32\VERSION.dll
0x00007ffc12bb0000 - 0x00007ffc12bc4000 	C:\WINDOWS\SYSTEM32\UMPDC.dll
0x00007ffc12130000 - 0x00007ffc1214b000 	C:\WINDOWS\SYSTEM32\kernel.appcore.dll
0x00007ffbf74b0000 - 0x00007ffbf74ba000 	C:\Program Files\Unity\Hub\Editor\6000.0.35f1\Editor\Data\PlaybackEngines\AndroidPlayer\OpenJDK\bin\jimage.dll
0x00007ffc0cdc0000 - 0x00007ffc0d001000 	C:\WINDOWS\SYSTEM32\DBGHELP.DLL
0x00007ffc15180000 - 0x00007ffc15505000 	C:\WINDOWS\System32\combase.dll
0x00007ffc147e0000 - 0x00007ffc148c1000 	C:\WINDOWS\System32\OLEAUT32.dll
0x00007ffbfe110000 - 0x00007ffbfe149000 	C:\WINDOWS\SYSTEM32\dbgcore.DLL
0x00007ffc13a80000 - 0x00007ffc13b19000 	C:\WINDOWS\System32\bcryptPrimitives.dll
0x00007ffbf7480000 - 0x00007ffbf74a5000 	C:\Program Files\Unity\Hub\Editor\6000.0.35f1\Editor\Data\PlaybackEngines\AndroidPlayer\OpenJDK\bin\java.dll
0x00007ffbcd780000 - 0x00007ffbcd857000 	C:\Program Files\Unity\Hub\Editor\6000.0.35f1\Editor\Data\PlaybackEngines\AndroidPlayer\OpenJDK\bin\jsvml.dll
0x00007ffc15680000 - 0x00007ffc15dc2000 	C:\WINDOWS\System32\SHELL32.dll
0x00007ffc13d50000 - 0x00007ffc13ec4000 	C:\WINDOWS\System32\wintypes.dll
0x00007ffc069d0000 - 0x00007ffc07228000 	C:\WINDOWS\SYSTEM32\windows.storage.dll
0x00007ffc15580000 - 0x00007ffc15671000 	C:\WINDOWS\System32\SHCORE.dll
0x00007ffc16170000 - 0x00007ffc161da000 	C:\WINDOWS\System32\shlwapi.dll
0x00007ffc13280000 - 0x00007ffc132af000 	C:\WINDOWS\SYSTEM32\profapi.dll
0x00007ffbf7460000 - 0x00007ffbf7479000 	C:\Program Files\Unity\Hub\Editor\6000.0.35f1\Editor\Data\PlaybackEngines\AndroidPlayer\OpenJDK\bin\net.dll
0x00007ffc0cc30000 - 0x00007ffc0cd4e000 	C:\WINDOWS\SYSTEM32\WINHTTP.dll
0x00007ffc126a0000 - 0x00007ffc1270a000 	C:\WINDOWS\system32\mswsock.dll
0x00007ffbf7440000 - 0x00007ffbf7456000 	C:\Program Files\Unity\Hub\Editor\6000.0.35f1\Editor\Data\PlaybackEngines\AndroidPlayer\OpenJDK\bin\nio.dll
0x00007ffbf7420000 - 0x00007ffbf7438000 	C:\Program Files\Unity\Hub\Editor\6000.0.35f1\Editor\Data\PlaybackEngines\AndroidPlayer\OpenJDK\bin\zip.dll

dbghelp: loaded successfully - version: 4.0.5 - missing functions: none
symbol engine: initialized successfully - sym options: 0x614 - pdb path: .;C:\Program Files\Unity\Hub\Editor\6000.0.35f1\Editor\Data\PlaybackEngines\AndroidPlayer\OpenJDK\bin;C:\WINDOWS\SYSTEM32;C:\WINDOWS\WinSxS\amd64_microsoft.windows.common-controls_6595b64144ccf1df_6.0.26100.4202_none_3e0698d4e335f517;C:\Program Files\Unity\Hub\Editor\6000.0.35f1\Editor\Data\PlaybackEngines\AndroidPlayer\OpenJDK\bin\server

VM Arguments:
jvm_args: -Dcom.android.sdklib.toolsdir=C:\Program Files\Unity\Hub\Editor\6000.0.35f1\Editor\Data\PlaybackEngines\AndroidPlayer\SDK\cmdline-tools\6.0\bin\\.. 
java_command: com.android.sdklib.tool.sdkmanager.SdkManagerCli --list
java_class_path (initial): C:\Program Files\Unity\Hub\Editor\6000.0.35f1\Editor\Data\PlaybackEngines\AndroidPlayer\SDK\cmdline-tools\6.0\bin\..\lib\sdkmanager-classpath.jar
Launcher Type: SUN_STANDARD

[Global flags]
     intx CICompilerCount                          = 4                                         {product} {ergonomic}
     uint ConcGCThreads                            = 3                                         {product} {ergonomic}
     uint G1ConcRefinementThreads                  = 10                                        {product} {ergonomic}
   size_t G1HeapRegionSize                         = 2097152                                   {product} {ergonomic}
    uintx GCDrainStackTargetSize                   = 64                                        {product} {ergonomic}
   size_t InitialHeapSize                          = 251658240                                 {product} {ergonomic}
   size_t MarkStackSize                            = 4194304                                   {product} {ergonomic}
   size_t MaxHeapSize                              = 4011851776                                {product} {ergonomic}
   size_t MaxNewSize                               = 2405433344                                {product} {ergonomic}
   size_t MinHeapDeltaBytes                        = 2097152                                   {product} {ergonomic}
   size_t MinHeapSize                              = 8388608                                   {product} {ergonomic}
    uintx NonNMethodCodeHeapSize                   = 5839372                                {pd product} {ergonomic}
    uintx NonProfiledCodeHeapSize                  = 122909434                              {pd product} {ergonomic}
    uintx ProfiledCodeHeapSize                     = 122909434                              {pd product} {ergonomic}
    uintx ReservedCodeCacheSize                    = 251658240                              {pd product} {ergonomic}
     bool SegmentedCodeCache                       = true                                      {product} {ergonomic}
   size_t SoftMaxHeapSize                          = 4011851776                             {manageable} {ergonomic}
     bool UseCompressedClassPointers               = true                           {product lp64_product} {ergonomic}
     bool UseCompressedOops                        = true                           {product lp64_product} {ergonomic}
     bool UseG1GC                                  = true                                      {product} {ergonomic}
     bool UseLargePagesIndividualAllocation        = false                                  {pd product} {ergonomic}

Logging:
Log output configuration:
 #0: stdout all=warning uptime,level,tags
 #1: stderr all=off uptime,level,tags

Environment Variables:
JAVA_HOME=C:\Program Files\Unity\Hub\Editor\6000.0.35f1\Editor\Data\PlaybackEngines\AndroidPlayer\OpenJDK
CLASSPATH=C:\Program Files\Unity\Hub\Editor\6000.0.35f1\Editor\Data\PlaybackEngines\AndroidPlayer\SDK\cmdline-tools\6.0\bin\..\lib\sdkmanager-classpath.jar
PATH=C:\Program Files\Common Files\Oracle\Java\javapath;C:\WINDOWS\system32;C:\WINDOWS;C:\WINDOWS\System32\Wbem;C:\WINDOWS\System32\WindowsPowerShell\v1.0\;C:\WINDOWS\System32\OpenSSH\;C:\Program Files\dotnet\;C:\Program Files\nodejs\;C:\Program Files\Git\cmd;C:\Users\g_agu\AppData\Local\Microsoft\WindowsApps;C:\Users\g_agu\.dotnet\tools;C:\Users\g_agu\AppData\Local\Programs\Microsoft VS Code\bin;C:\Users\g_agu\AppData\Local\Microsoft\WinGet\Links;C:\Users\g_agu\AppData\Roaming\npm
USERNAME=g_agu
OS=Windows_NT
PROCESSOR_IDENTIFIER=AMD64 Family 23 Model 8 Stepping 2, AuthenticAMD
TMP=C:\Users\g_agu\AppData\Local\Temp
TEMP=C:\Users\g_agu\AppData\Local\Temp



Periodic native trim disabled


---------------  S Y S T E M  ---------------

OS:
 Windows 11 , 64 bit Build 26100 (10.0.26100.4202)
OS uptime: 2 days 5:33 hours

CPU: total 12 (initial active 12) (12 cores per cpu, 2 threads per core) family 23 model 8 stepping 2 microcode 0x800820d, cx8, cmov, fxsr, ht, mmx, 3dnowpref, sse, sse2, sse3, ssse3, sse4a, sse4.1, sse4.2, popcnt, lzcnt, tsc, tscinvbit, avx, avx2, aes, clmul, bmi1, bmi2, adx, sha, fma, vzeroupper, clflush, clflushopt
Processor Information for all 12 processors :
  Max Mhz: 3200, Current Mhz: 3200, Mhz Limit: 3200

Memory: 4k page, system-wide physical 15297M (1412M free)
TotalPageFile size 23489M (AvailPageFile size 5M)
current process WorkingSet (physical memory assigned to process): 124M, peak: 124M
current process commit charge ("private bytes"): 373M, peak: 375M

vm_info: OpenJDK 64-Bit Server VM (17.0.9+9) for windows-amd64 JRE (17.0.9+9), built on Oct 26 2023 14:01:42 by "admin" with MS VC++ 16.10 / 16.11 (VS2019)

END.
